c:\users\dawid\source\repos\pikselator\pikselatorcpp\debug\vc142.pdb
c:\users\dawid\source\repos\pikselator\pikselatorcpp\debug\vc142.idb
c:\users\dawid\source\repos\pikselator\pikselatorcpp\debug\main.obj
c:\users\dawid\source\repos\pikselator\pikselatorcpp\debug\functions.obj
c:\users\dawid\source\repos\pikselator\debug\pikselatorcpp.lib
c:\users\dawid\source\repos\pikselator\debug\pikselatorcpp.exp
c:\users\dawid\source\repos\pikselator\debug\pikselatorcpp.pdb
c:\users\dawid\source\repos\pikselator\pikselatorcpp\debug\pikselatorcpp.tlog\cl.command.1.tlog
c:\users\dawid\source\repos\pikselator\pikselatorcpp\debug\pikselatorcpp.tlog\cl.read.1.tlog
c:\users\dawid\source\repos\pikselator\pikselatorcpp\debug\pikselatorcpp.tlog\cl.write.1.tlog
c:\users\dawid\source\repos\pikselator\pikselatorcpp\debug\pikselatorcpp.tlog\link-cvtres.read.1.tlog
c:\users\dawid\source\repos\pikselator\pikselatorcpp\debug\pikselatorcpp.tlog\link-cvtres.write.1.tlog
c:\users\dawid\source\repos\pikselator\pikselatorcpp\debug\pikselatorcpp.tlog\link-rc.read.1.tlog
c:\users\dawid\source\repos\pikselator\pikselatorcpp\debug\pikselatorcpp.tlog\link-rc.write.1.tlog
c:\users\dawid\source\repos\pikselator\pikselatorcpp\debug\pikselatorcpp.tlog\link.17840-cvtres.read.1.tlog
c:\users\dawid\source\repos\pikselator\pikselatorcpp\debug\pikselatorcpp.tlog\link.17840-cvtres.write.1.tlog
c:\users\dawid\source\repos\pikselator\pikselatorcpp\debug\pikselatorcpp.tlog\link.17840-rc.read.1.tlog
c:\users\dawid\source\repos\pikselator\pikselatorcpp\debug\pikselatorcpp.tlog\link.17840-rc.write.1.tlog
c:\users\dawid\source\repos\pikselator\pikselatorcpp\debug\pikselatorcpp.tlog\link.17840.read.1.tlog
c:\users\dawid\source\repos\pikselator\pikselatorcpp\debug\pikselatorcpp.tlog\link.17840.write.1.tlog
c:\users\dawid\source\repos\pikselator\pikselatorcpp\debug\pikselatorcpp.tlog\link.command.1.tlog
c:\users\dawid\source\repos\pikselator\pikselatorcpp\debug\pikselatorcpp.tlog\link.read.1.tlog
c:\users\dawid\source\repos\pikselator\pikselatorcpp\debug\pikselatorcpp.tlog\link.write.1.tlog
c:\users\dawid\source\repos\pikselator\pikselatorcpp\debug\pikselatorcpp.tlog\pikselatorcpp.write.1u.tlog
